  [1m[35m (351.4ms)[0m  [1m[35mCREATE DATABASE "WarzoneGuide_development" ENCODING = 'unicode'[0m
  ↳ bin/rails:9
  [1m[35m (134.7ms)[0m  [1m[35mCREATE DATABASE "WarzoneGuide_test" ENCODING = 'unicode'[0m
  ↳ bin/rails:9
  [1m[35m (78.2ms)[0m  [1m[35mCREATE TABLE "schema_migrations" ("version" character varying NOT NULL PRIMARY KEY)[0m
  ↳ bin/rails:9
  [1m[35m (31.1ms)[0m  [1m[35mCREATE TABLE "ar_internal_metadata" ("key" character varying NOT NULL PRIMARY KEY, "value" character varying, "created_at" timestamp NOT NULL, "updated_at" timestamp NOT NULL)[0m
  ↳ bin/rails:9
  [1m[35m (1.4ms)[0m  [1m[34mSELECT pg_try_advisory_lock(3145907413327254765)[0m
  ↳ bin/rails:9
  [1m[35m (8.2ms)[0m  [1m[34mSELECT "schema_migrations"."version" FROM "schema_migrations" ORDER BY "schema_migrations"."version" ASC[0m
  ↳ bin/rails:9
Migrating to CreateWeapons (20200920203337)
  [1m[35m (40.0ms)[0m  [1m[35mBEGIN[0m
  ↳ bin/rails:9
  [1m[35m (54.7ms)[0m  [1m[35mCREATE TABLE "weapons" ("id" bigserial primary key, "name" character varying NOT NULL, "type" character varying NOT NULL, "mag_size" integer NOT NULL, "ads_speed" integer NOT NULL, "reload_speed" integer NOT NULL, "rounds_per_min" integer NOT NULL, "base_range" integer NOT NULL, "base_damage_head" integer NOT NULL, "base_damage_chest" integer NOT NULL, "base_damage_stomach" integer NOT NULL, "base_damage_limbs" integer NOT NULL, "hits_needed_head" character varying NOT NULL, "hits_needed_chest" character varying NOT NULL, "hits_needed_stomach" character varying NOT NULL, "hits_needed_limbs" character varying NOT NULL, "damage_per_sec_head" integer NOT NULL, "damage_per_sec_body" integer NOT NULL, "created_at" timestamp NOT NULL, "updated_at" timestamp NOT NULL)[0m
  ↳ db/migrate/20200920203337_create_weapons.rb:3
  [1m[36mActiveRecord::SchemaMigration Create (123.8ms)[0m  [1m[32mINSERT INTO "schema_migrations" ("version") VALUES ($1) RETURNING "version"[0m  [["version", "20200920203337"]]
  ↳ bin/rails:9
  [1m[35m (1.4ms)[0m  [1m[35mCOMMIT[0m
  ↳ bin/rails:9
  [1m[36mActiveRecord::InternalMetadata Load (0.8ms)[0m  [1m[34mSELECT  "ar_internal_metadata".* FROM "ar_internal_metadata" WHERE "ar_internal_metadata"."key" = $1 LIMIT $2[0m  [["key", "environment"], ["LIMIT", 1]]
  ↳ bin/rails:9
  [1m[35m (0.2ms)[0m  [1m[35mBEGIN[0m
  ↳ bin/rails:9
  [1m[36mActiveRecord::InternalMetadata Create (37.7ms)[0m  [1m[32mINSERT INTO "ar_internal_metadata" ("key", "value", "created_at", "updated_at") VALUES ($1, $2, $3, $4) RETURNING "key"[0m  [["key", "environment"], ["value", "development"], ["created_at", "2020-09-20 21:03:33.632174"], ["updated_at", "2020-09-20 21:03:33.632174"]]
  ↳ bin/rails:9
  [1m[35m (1.7ms)[0m  [1m[35mCOMMIT[0m
  ↳ bin/rails:9
  [1m[35m (0.3ms)[0m  [1m[34mSELECT pg_advisory_unlock(3145907413327254765)[0m
  ↳ bin/rails:9
  [1m[35m (1.9ms)[0m  [1m[34mSELECT "schema_migrations"."version" FROM "schema_migrations" ORDER BY "schema_migrations"."version" ASC[0m
  ↳ bin/rails:9
  [1m[35m (0.3ms)[0m  [1m[34mSELECT pg_try_advisory_lock(3145907413327254765)[0m
  ↳ bin/rails:9
  [1m[35m (3.6ms)[0m  [1m[34mSELECT "schema_migrations"."version" FROM "schema_migrations" ORDER BY "schema_migrations"."version" ASC[0m
  ↳ bin/rails:9
Migrating to AddIndexToTable (20200920210440)
  [1m[35m (13.7ms)[0m  [1m[35mBEGIN[0m
  ↳ bin/rails:9
  [1m[35m (18.3ms)[0m  [1m[35mCREATE  INDEX  "index_weapons_on_name" ON "weapons"  ("name")[0m
  ↳ db/migrate/20200920210440_add_index_to_table.rb:3
  [1m[36mActiveRecord::SchemaMigration Create (0.7ms)[0m  [1m[32mINSERT INTO "schema_migrations" ("version") VALUES ($1) RETURNING "version"[0m  [["version", "20200920210440"]]
  ↳ bin/rails:9
  [1m[35m (1.6ms)[0m  [1m[35mCOMMIT[0m
  ↳ bin/rails:9
  [1m[36mActiveRecord::InternalMetadata Load (29.0ms)[0m  [1m[34mSELECT  "ar_internal_metadata".* FROM "ar_internal_metadata" WHERE "ar_internal_metadata"."key" = $1 LIMIT $2[0m  [["key", "environment"], ["LIMIT", 1]]
  ↳ bin/rails:9
  [1m[35m (0.6ms)[0m  [1m[35mBEGIN[0m
  ↳ bin/rails:9
  [1m[35m (0.2ms)[0m  [1m[35mCOMMIT[0m
  ↳ bin/rails:9
  [1m[35m (0.3ms)[0m  [1m[34mSELECT pg_advisory_unlock(3145907413327254765)[0m
  ↳ bin/rails:9
  [1m[35m (0.4ms)[0m  [1m[34mSELECT "schema_migrations"."version" FROM "schema_migrations" ORDER BY "schema_migrations"."version" ASC[0m
  ↳ bin/rails:9
  [1m[35m (42.2ms)[0m  [1m[34mSELECT "schema_migrations"."version" FROM "schema_migrations" ORDER BY "schema_migrations"."version" ASC[0m
  ↳ /Users/Marquis/.rbenv/versions/2.5.1/bin/annotate:23
  [1m[35m (0.4ms)[0m  [1m[34mSELECT pg_try_advisory_lock(3145907413327254765)[0m
  ↳ bin/rails:9
  [1m[35m (4.7ms)[0m  [1m[34mSELECT "schema_migrations"."version" FROM "schema_migrations" ORDER BY "schema_migrations"."version" ASC[0m
  ↳ bin/rails:9
Migrating to UpdateWeaponsColumn (20200920212359)
  [1m[35m (0.2ms)[0m  [1m[35mBEGIN[0m
  ↳ bin/rails:9
  [1m[35m (153.8ms)[0m  [1m[35mALTER TABLE "weapons" ADD "reload_speed" float NOT NULL[0m
  ↳ db/migrate/20200920212359_update_weapons_column.rb:4
  [1m[35m (7.4ms)[0m  [1m[31mROLLBACK[0m
  ↳ bin/rails:9
  [1m[35m (2.8ms)[0m  [1m[34mSELECT pg_advisory_unlock(3145907413327254765)[0m
  ↳ bin/rails:9
  [1m[35m (0.3ms)[0m  [1m[34mSELECT pg_try_advisory_lock(3145907413327254765)[0m
  ↳ bin/rails:9
  [1m[35m (1.1ms)[0m  [1m[34mSELECT "schema_migrations"."version" FROM "schema_migrations" ORDER BY "schema_migrations"."version" ASC[0m
  ↳ bin/rails:9
Migrating to UpdateWeaponsColumn (20200920212359)
  [1m[35m (0.3ms)[0m  [1m[35mBEGIN[0m
  ↳ bin/rails:9
  [1m[35m (206.7ms)[0m  [1m[35mALTER TABLE "weapons" ALTER COLUMN "reload_speed" TYPE float[0m
  ↳ db/migrate/20200920212359_update_weapons_column.rb:3
  [1m[36mActiveRecord::SchemaMigration Create (1.4ms)[0m  [1m[32mINSERT INTO "schema_migrations" ("version") VALUES ($1) RETURNING "version"[0m  [["version", "20200920212359"]]
  ↳ bin/rails:9
  [1m[35m (7.0ms)[0m  [1m[35mCOMMIT[0m
  ↳ bin/rails:9
  [1m[36mActiveRecord::InternalMetadata Load (0.6ms)[0m  [1m[34mSELECT  "ar_internal_metadata".* FROM "ar_internal_metadata" WHERE "ar_internal_metadata"."key" = $1 LIMIT $2[0m  [["key", "environment"], ["LIMIT", 1]]
  ↳ bin/rails:9
  [1m[35m (5.3ms)[0m  [1m[35mBEGIN[0m
  ↳ bin/rails:9
  [1m[35m (0.2ms)[0m  [1m[35mCOMMIT[0m
  ↳ bin/rails:9
  [1m[35m (0.4ms)[0m  [1m[34mSELECT pg_advisory_unlock(3145907413327254765)[0m
  ↳ bin/rails:9
  [1m[35m (5.6ms)[0m  [1m[34mSELECT "schema_migrations"."version" FROM "schema_migrations" ORDER BY "schema_migrations"."version" ASC[0m
  ↳ bin/rails:9
  [1m[35m (7.8ms)[0m  [1m[34mSELECT "schema_migrations"."version" FROM "schema_migrations" ORDER BY "schema_migrations"."version" ASC[0m
  ↳ /Users/Marquis/.rbenv/versions/2.5.1/bin/annotate:23
Started GET "/" for ::1 at 2020-09-20 15:36:01 -0700
  [1m[35m (1.6ms)[0m  [1m[34mSELECT "schema_migrations"."version" FROM "schema_migrations" ORDER BY "schema_migrations"."version" ASC[0m
  ↳ /Users/Marquis/.rbenv/versions/2.5.1/lib/ruby/gems/2.5.0/gems/activerecord-5.2.4.4/lib/active_record/log_subscriber.rb:98
Processing by StaticPagesController#root as HTML
  Rendering static_pages/root.html.erb within layouts/application
  Rendered static_pages/root.html.erb within layouts/application (2.5ms)
Completed 200 OK in 1322ms (Views: 1313.3ms | ActiveRecord: 0.0ms)


Started GET "/" for ::1 at 2020-09-20 15:36:07 -0700
Processing by StaticPagesController#root as HTML
  Rendering static_pages/root.html.erb within layouts/application
  Rendered static_pages/root.html.erb within layouts/application (0.6ms)
Completed 200 OK in 36ms (Views: 34.6ms | ActiveRecord: 0.0ms)


Started GET "/" for ::1 at 2020-09-20 15:36:26 -0700
Processing by StaticPagesController#root as HTML
  Rendering static_pages/root.html.erb within layouts/application
  Rendered static_pages/root.html.erb within layouts/application (0.4ms)
Completed 200 OK in 50ms (Views: 49.1ms | ActiveRecord: 0.0ms)


Started GET "/api/weapons" for ::1 at 2020-09-20 15:43:03 -0700
Processing by Api::WeaponsController#index as JSON
  Rendering api/weapons/index.json.jbuilder
  [1m[36mWeapon Load (45.1ms)[0m  [1m[34mSELECT "weapons".* FROM "weapons"[0m
  ↳ app/views/api/weapons/index.json.jbuilder:1
  Rendered api/weapons/index.json.jbuilder (54.2ms)
Completed 200 OK in 70ms (Views: 11.9ms | ActiveRecord: 49.9ms)


  [1m[35m (40.6ms)[0m  [1m[34mSELECT "schema_migrations"."version" FROM "schema_migrations" ORDER BY "schema_migrations"."version" ASC[0m
  ↳ bin/rails:9
  [1m[36mWeapon Load (0.8ms)[0m  [1m[34mSELECT "weapons".* FROM "weapons"[0m
  ↳ db/seeds.rb:11
  [1m[35m (0.2ms)[0m  [1m[35mBEGIN[0m
  ↳ db/seeds.rb:13
  [1m[35m (0.2ms)[0m  [1m[31mROLLBACK[0m
  ↳ db/seeds.rb:13
Started GET "/api/weapons" for ::1 at 2020-09-20 15:43:33 -0700
Processing by Api::WeaponsController#index as JSON
  Rendering api/weapons/index.json.jbuilder
  [1m[36mWeapon Load (0.5ms)[0m  [1m[34mSELECT "weapons".* FROM "weapons"[0m
  ↳ app/views/api/weapons/index.json.jbuilder:1
  Rendered api/weapons/index.json.jbuilder (2.0ms)
Completed 200 OK in 13ms (Views: 12.0ms | ActiveRecord: 0.5ms)


Started GET "/api/weapons" for ::1 at 2020-09-20 15:44:35 -0700
  [1m[35m (0.9ms)[0m  [1m[34mSELECT "schema_migrations"."version" FROM "schema_migrations" ORDER BY "schema_migrations"."version" ASC[0m
  ↳ /Users/Marquis/.rbenv/versions/2.5.1/lib/ruby/gems/2.5.0/gems/activerecord-5.2.4.4/lib/active_record/log_subscriber.rb:98
Processing by Api::WeaponsController#index as JSON
  Rendering api/weapons/index.json.jbuilder
  [1m[36mWeapon Load (0.9ms)[0m  [1m[34mSELECT "weapons".* FROM "weapons"[0m
  ↳ app/views/api/weapons/index.json.jbuilder:1
  Rendered api/weapons/index.json.jbuilder (8.0ms)
Completed 200 OK in 30ms (Views: 15.7ms | ActiveRecord: 4.7ms)


  [1m[36mWeapon Load (0.8ms)[0m  [1m[34mSELECT "weapons".* FROM "weapons"[0m
  [1m[35m (2.1ms)[0m  [1m[35mCREATE DATABASE "WarzoneGuide_development" ENCODING = 'unicode'[0m
  ↳ bin/rails:9
  [1m[35m (0.9ms)[0m  [1m[35mCREATE DATABASE "WarzoneGuide_test" ENCODING = 'unicode'[0m
  ↳ bin/rails:9
  [1m[35m (1.1ms)[0m  [1m[34mSELECT "schema_migrations"."version" FROM "schema_migrations" ORDER BY "schema_migrations"."version" ASC[0m
  ↳ bin/rails:9
  [1m[35m (42.7ms)[0m  [1m[34mSELECT "ar_internal_metadata"."value" FROM "ar_internal_metadata" WHERE "ar_internal_metadata"."key" = $1[0m  [["key", "environment"]]
  ↳ bin/rails:9
  [1m[35m (0.4ms)[0m  [1m[34mSELECT "schema_migrations"."version" FROM "schema_migrations" ORDER BY "schema_migrations"."version" ASC[0m
  ↳ bin/rails:9
  [1m[35m (0.2ms)[0m  [1m[34mSELECT "ar_internal_metadata"."value" FROM "ar_internal_metadata" WHERE "ar_internal_metadata"."key" = $1[0m  [["key", "environment"]]
  ↳ bin/rails:9
  [1m[35m (0.3ms)[0m  [1m[34mSELECT "schema_migrations"."version" FROM "schema_migrations" ORDER BY "schema_migrations"."version" ASC[0m
  ↳ bin/rails:9
  [1m[35m (0.2ms)[0m  [1m[34mSELECT "ar_internal_metadata"."value" FROM "ar_internal_metadata" WHERE "ar_internal_metadata"."key" = $1[0m  [["key", "environment"]]
  ↳ bin/rails:9
  [1m[35mSQL (45.5ms)[0m  [1m[35mCREATE EXTENSION IF NOT EXISTS "plpgsql"[0m
  ↳ db/schema.rb:16
  [1m[35m (20.7ms)[0m  [1m[35mDROP TABLE IF EXISTS "weapons" CASCADE[0m
  ↳ db/schema.rb:18
  [1m[35m (20.4ms)[0m  [1m[35mCREATE TABLE "weapons" ("id" bigserial primary key, "name" character varying NOT NULL, "type" character varying NOT NULL, "mag_size" integer NOT NULL, "ads_speed" integer NOT NULL, "reload_speed" float NOT NULL, "rounds_per_min" integer NOT NULL, "base_range" integer NOT NULL, "base_damage_head" integer NOT NULL, "base_damage_chest" integer NOT NULL, "base_damage_stomach" integer NOT NULL, "base_damage_limbs" integer NOT NULL, "hits_needed_head" character varying NOT NULL, "hits_needed_chest" character varying NOT NULL, "hits_needed_stomach" character varying NOT NULL, "hits_needed_limbs" character varying NOT NULL, "damage_per_sec_head" integer NOT NULL, "damage_per_sec_body" integer NOT NULL, "created_at" timestamp NOT NULL, "updated_at" timestamp NOT NULL)[0m
  ↳ db/schema.rb:18
  [1m[35m (2.8ms)[0m  [1m[35mCREATE  INDEX  "index_weapons_on_name" ON "weapons"  ("name")[0m
  ↳ db/schema.rb:18
  [1m[35m (0.7ms)[0m  [1m[34mSELECT "schema_migrations"."version" FROM "schema_migrations" ORDER BY "schema_migrations"."version" ASC[0m
  ↳ db/schema.rb:13
  [1m[36mActiveRecord::InternalMetadata Load (0.6ms)[0m  [1m[34mSELECT  "ar_internal_metadata".* FROM "ar_internal_metadata" WHERE "ar_internal_metadata"."key" = $1 LIMIT $2[0m  [["key", "environment"], ["LIMIT", 1]]
  ↳ db/schema.rb:13
  [1m[35m (0.2ms)[0m  [1m[35mBEGIN[0m
  ↳ db/schema.rb:13
  [1m[35m (0.2ms)[0m  [1m[35mCOMMIT[0m
  ↳ db/schema.rb:13
  [1m[36mActiveRecord::InternalMetadata Load (0.3ms)[0m  [1m[34mSELECT  "ar_internal_metadata".* FROM "ar_internal_metadata" WHERE "ar_internal_metadata"."key" = $1 LIMIT $2[0m  [["key", "environment"], ["LIMIT", 1]]
  ↳ bin/rails:9
  [1m[35m (0.1ms)[0m  [1m[35mBEGIN[0m
  ↳ bin/rails:9
  [1m[35m (0.1ms)[0m  [1m[35mCOMMIT[0m
  ↳ bin/rails:9
  [1m[35mSQL (2.9ms)[0m  [1m[35mCREATE EXTENSION IF NOT EXISTS "plpgsql"[0m
  ↳ db/schema.rb:16
  [1m[35m (0.3ms)[0m  [1m[35mDROP TABLE IF EXISTS "weapons" CASCADE[0m
  ↳ db/schema.rb:18
  [1m[35m (57.8ms)[0m  [1m[35mCREATE TABLE "weapons" ("id" bigserial primary key, "name" character varying NOT NULL, "type" character varying NOT NULL, "mag_size" integer NOT NULL, "ads_speed" integer NOT NULL, "reload_speed" float NOT NULL, "rounds_per_min" integer NOT NULL, "base_range" integer NOT NULL, "base_damage_head" integer NOT NULL, "base_damage_chest" integer NOT NULL, "base_damage_stomach" integer NOT NULL, "base_damage_limbs" integer NOT NULL, "hits_needed_head" character varying NOT NULL, "hits_needed_chest" character varying NOT NULL, "hits_needed_stomach" character varying NOT NULL, "hits_needed_limbs" character varying NOT NULL, "damage_per_sec_head" integer NOT NULL, "damage_per_sec_body" integer NOT NULL, "created_at" timestamp NOT NULL, "updated_at" timestamp NOT NULL)[0m
  ↳ db/schema.rb:18
  [1m[35m (3.0ms)[0m  [1m[35mCREATE  INDEX  "index_weapons_on_name" ON "weapons"  ("name")[0m
  ↳ db/schema.rb:18
  [1m[35m (8.8ms)[0m  [1m[35mCREATE TABLE "schema_migrations" ("version" character varying NOT NULL PRIMARY KEY)[0m
  ↳ db/schema.rb:13
  [1m[35m (1.8ms)[0m  [1m[34mSELECT "schema_migrations"."version" FROM "schema_migrations" ORDER BY "schema_migrations"."version" ASC[0m
  ↳ db/schema.rb:13
  [1m[35m (3.2ms)[0m  [1m[32mINSERT INTO "schema_migrations" (version) VALUES (20200920212359)[0m
  ↳ db/schema.rb:13
  [1m[35m (1.9ms)[0m  [1m[32mINSERT INTO "schema_migrations" (version) VALUES
(20200920203337),
(20200920210440);

[0m
  ↳ db/schema.rb:13
  [1m[35m (7.7ms)[0m  [1m[35mCREATE TABLE "ar_internal_metadata" ("key" character varying NOT NULL PRIMARY KEY, "value" character varying, "created_at" timestamp NOT NULL, "updated_at" timestamp NOT NULL)[0m
  ↳ db/schema.rb:13
  [1m[36mActiveRecord::InternalMetadata Load (0.4ms)[0m  [1m[34mSELECT  "ar_internal_metadata".* FROM "ar_internal_metadata" WHERE "ar_internal_metadata"."key" = $1 LIMIT $2[0m  [["key", "environment"], ["LIMIT", 1]]
  ↳ db/schema.rb:13
  [1m[35m (0.1ms)[0m  [1m[35mBEGIN[0m
  ↳ db/schema.rb:13
  [1m[36mActiveRecord::InternalMetadata Create (0.5ms)[0m  [1m[32mINSERT INTO "ar_internal_metadata" ("key", "value", "created_at", "updated_at") VALUES ($1, $2, $3, $4) RETURNING "key"[0m  [["key", "environment"], ["value", "development"], ["created_at", "2020-09-20 22:45:50.740723"], ["updated_at", "2020-09-20 22:45:50.740723"]]
  ↳ db/schema.rb:13
  [1m[35m (1.0ms)[0m  [1m[35mCOMMIT[0m
  ↳ db/schema.rb:13
  [1m[36mActiveRecord::InternalMetadata Load (0.5ms)[0m  [1m[34mSELECT  "ar_internal_metadata".* FROM "ar_internal_metadata" WHERE "ar_internal_metadata"."key" = $1 LIMIT $2[0m  [["key", "environment"], ["LIMIT", 1]]
  ↳ bin/rails:9
  [1m[35m (0.2ms)[0m  [1m[35mBEGIN[0m
  ↳ bin/rails:9
  [1m[36mActiveRecord::InternalMetadata Update (4.9ms)[0m  [1m[33mUPDATE "ar_internal_metadata" SET "value" = $1, "updated_at" = $2 WHERE "ar_internal_metadata"."key" = $3[0m  [["value", "test"], ["updated_at", "2020-09-20 22:45:50.746890"], ["key", "environment"]]
  ↳ bin/rails:9
  [1m[35m (1.4ms)[0m  [1m[35mCOMMIT[0m
  ↳ bin/rails:9
  [1m[35m (1.7ms)[0m  [1m[34mSELECT "schema_migrations"."version" FROM "schema_migrations" ORDER BY "schema_migrations"."version" ASC[0m
  ↳ bin/rails:9
  [1m[36mWeapon Load (1.3ms)[0m  [1m[34mSELECT "weapons".* FROM "weapons"[0m
  ↳ db/seeds.rb:11
  [1m[35m (0.2ms)[0m  [1m[35mBEGIN[0m
  ↳ db/seeds.rb:13
  [1m[35m (0.2ms)[0m  [1m[31mROLLBACK[0m
  ↳ db/seeds.rb:13
  [1m[35m (2.6ms)[0m  [1m[35mCREATE DATABASE "WarzoneGuide_development" ENCODING = 'unicode'[0m
  ↳ bin/rails:9
  [1m[35m (0.9ms)[0m  [1m[35mCREATE DATABASE "WarzoneGuide_test" ENCODING = 'unicode'[0m
  ↳ bin/rails:9
  [1m[35m (1.1ms)[0m  [1m[34mSELECT "schema_migrations"."version" FROM "schema_migrations" ORDER BY "schema_migrations"."version" ASC[0m
  ↳ bin/rails:9
  [1m[35m (0.4ms)[0m  [1m[34mSELECT "ar_internal_metadata"."value" FROM "ar_internal_metadata" WHERE "ar_internal_metadata"."key" = $1[0m  [["key", "environment"]]
  ↳ bin/rails:9
  [1m[35m (0.2ms)[0m  [1m[34mSELECT "schema_migrations"."version" FROM "schema_migrations" ORDER BY "schema_migrations"."version" ASC[0m
  ↳ bin/rails:9
  [1m[35m (0.2ms)[0m  [1m[34mSELECT "ar_internal_metadata"."value" FROM "ar_internal_metadata" WHERE "ar_internal_metadata"."key" = $1[0m  [["key", "environment"]]
  ↳ bin/rails:9
  [1m[35m (0.2ms)[0m  [1m[34mSELECT "schema_migrations"."version" FROM "schema_migrations" ORDER BY "schema_migrations"."version" ASC[0m
  ↳ bin/rails:9
  [1m[35m (0.2ms)[0m  [1m[34mSELECT "ar_internal_metadata"."value" FROM "ar_internal_metadata" WHERE "ar_internal_metadata"."key" = $1[0m  [["key", "environment"]]
  ↳ bin/rails:9
  [1m[35mSQL (0.3ms)[0m  [1m[35mCREATE EXTENSION IF NOT EXISTS "plpgsql"[0m
  ↳ db/schema.rb:16
  [1m[35m (12.3ms)[0m  [1m[35mDROP TABLE IF EXISTS "weapons" CASCADE[0m
  ↳ db/schema.rb:18
  [1m[35m (13.0ms)[0m  [1m[35mCREATE TABLE "weapons" ("id" bigserial primary key, "name" character varying NOT NULL, "type" character varying NOT NULL, "mag_size" integer NOT NULL, "ads_speed" integer NOT NULL, "reload_speed" float NOT NULL, "rounds_per_min" integer NOT NULL, "base_range" integer NOT NULL, "base_damage_head" integer NOT NULL, "base_damage_chest" integer NOT NULL, "base_damage_stomach" integer NOT NULL, "base_damage_limbs" integer NOT NULL, "hits_needed_head" character varying NOT NULL, "hits_needed_chest" character varying NOT NULL, "hits_needed_stomach" character varying NOT NULL, "hits_needed_limbs" character varying NOT NULL, "damage_per_sec_head" integer NOT NULL, "damage_per_sec_body" integer NOT NULL, "created_at" timestamp NOT NULL, "updated_at" timestamp NOT NULL)[0m
  ↳ db/schema.rb:18
  [1m[35m (61.2ms)[0m  [1m[35mCREATE  INDEX  "index_weapons_on_name" ON "weapons"  ("name")[0m
  ↳ db/schema.rb:18
  [1m[35m (0.9ms)[0m  [1m[34mSELECT "schema_migrations"."version" FROM "schema_migrations" ORDER BY "schema_migrations"."version" ASC[0m
  ↳ db/schema.rb:13
  [1m[36mActiveRecord::InternalMetadata Load (0.6ms)[0m  [1m[34mSELECT  "ar_internal_metadata".* FROM "ar_internal_metadata" WHERE "ar_internal_metadata"."key" = $1 LIMIT $2[0m  [["key", "environment"], ["LIMIT", 1]]
  ↳ db/schema.rb:13
  [1m[35m (0.2ms)[0m  [1m[35mBEGIN[0m
  ↳ db/schema.rb:13
  [1m[35m (0.1ms)[0m  [1m[35mCOMMIT[0m
  ↳ db/schema.rb:13
  [1m[36mActiveRecord::InternalMetadata Load (0.2ms)[0m  [1m[34mSELECT  "ar_internal_metadata".* FROM "ar_internal_metadata" WHERE "ar_internal_metadata"."key" = $1 LIMIT $2[0m  [["key", "environment"], ["LIMIT", 1]]
  ↳ bin/rails:9
  [1m[35m (0.1ms)[0m  [1m[35mBEGIN[0m
  ↳ bin/rails:9
  [1m[35m (0.1ms)[0m  [1m[35mCOMMIT[0m
  ↳ bin/rails:9
  [1m[35mSQL (0.7ms)[0m  [1m[35mCREATE EXTENSION IF NOT EXISTS "plpgsql"[0m
  ↳ db/schema.rb:16
  [1m[35m (56.6ms)[0m  [1m[35mDROP TABLE IF EXISTS "weapons" CASCADE[0m
  ↳ db/schema.rb:18
  [1m[35m (12.1ms)[0m  [1m[35mCREATE TABLE "weapons" ("id" bigserial primary key, "name" character varying NOT NULL, "type" character varying NOT NULL, "mag_size" integer NOT NULL, "ads_speed" integer NOT NULL, "reload_speed" float NOT NULL, "rounds_per_min" integer NOT NULL, "base_range" integer NOT NULL, "base_damage_head" integer NOT NULL, "base_damage_chest" integer NOT NULL, "base_damage_stomach" integer NOT NULL, "base_damage_limbs" integer NOT NULL, "hits_needed_head" character varying NOT NULL, "hits_needed_chest" character varying NOT NULL, "hits_needed_stomach" character varying NOT NULL, "hits_needed_limbs" character varying NOT NULL, "damage_per_sec_head" integer NOT NULL, "damage_per_sec_body" integer NOT NULL, "created_at" timestamp NOT NULL, "updated_at" timestamp NOT NULL)[0m
  ↳ db/schema.rb:18
  [1m[35m (2.4ms)[0m  [1m[35mCREATE  INDEX  "index_weapons_on_name" ON "weapons"  ("name")[0m
  ↳ db/schema.rb:18
  [1m[35m (0.8ms)[0m  [1m[34mSELECT "schema_migrations"."version" FROM "schema_migrations" ORDER BY "schema_migrations"."version" ASC[0m
  ↳ db/schema.rb:13
  [1m[36mActiveRecord::InternalMetadata Load (0.4ms)[0m  [1m[34mSELECT  "ar_internal_metadata".* FROM "ar_internal_metadata" WHERE "ar_internal_metadata"."key" = $1 LIMIT $2[0m  [["key", "environment"], ["LIMIT", 1]]
  ↳ db/schema.rb:13
  [1m[35m (0.1ms)[0m  [1m[35mBEGIN[0m
  ↳ db/schema.rb:13
  [1m[36mActiveRecord::InternalMetadata Update (0.4ms)[0m  [1m[33mUPDATE "ar_internal_metadata" SET "value" = $1, "updated_at" = $2 WHERE "ar_internal_metadata"."key" = $3[0m  [["value", "development"], ["updated_at", "2020-09-20 22:47:19.938071"], ["key", "environment"]]
  ↳ db/schema.rb:13
  [1m[35m (1.2ms)[0m  [1m[35mCOMMIT[0m
  ↳ db/schema.rb:13
  [1m[36mActiveRecord::InternalMetadata Load (0.2ms)[0m  [1m[34mSELECT  "ar_internal_metadata".* FROM "ar_internal_metadata" WHERE "ar_internal_metadata"."key" = $1 LIMIT $2[0m  [["key", "environment"], ["LIMIT", 1]]
  ↳ bin/rails:9
  [1m[35m (0.1ms)[0m  [1m[35mBEGIN[0m
  ↳ bin/rails:9
  [1m[36mActiveRecord::InternalMetadata Update (0.4ms)[0m  [1m[33mUPDATE "ar_internal_metadata" SET "value" = $1, "updated_at" = $2 WHERE "ar_internal_metadata"."key" = $3[0m  [["value", "test"], ["updated_at", "2020-09-20 22:47:19.943087"], ["key", "environment"]]
  ↳ bin/rails:9
  [1m[35m (1.3ms)[0m  [1m[35mCOMMIT[0m
  ↳ bin/rails:9
  [1m[35m (1.3ms)[0m  [1m[34mSELECT "schema_migrations"."version" FROM "schema_migrations" ORDER BY "schema_migrations"."version" ASC[0m
  ↳ bin/rails:9
  [1m[36mWeapon Load (1.0ms)[0m  [1m[34mSELECT "weapons".* FROM "weapons"[0m
  ↳ db/seeds.rb:11
  [1m[35m (0.2ms)[0m  [1m[34mSELECT pg_try_advisory_lock(3145907413327254765)[0m
  ↳ bin/rails:9
  [1m[35m (2.6ms)[0m  [1m[34mSELECT "schema_migrations"."version" FROM "schema_migrations" ORDER BY "schema_migrations"."version" ASC[0m
  ↳ bin/rails:9
Migrating to ChangeColumnNameOnWeaponsTable (20200920224847)
  [1m[35m (0.2ms)[0m  [1m[35mBEGIN[0m
  ↳ bin/rails:9
  [1m[35m (26.9ms)[0m  [1m[35mALTER TABLE "weapons" RENAME COLUMN "type" TO "weapon_type"[0m
  ↳ db/migrate/20200920224847_change_column_name_on_weapons_table.rb:3
  [1m[36mActiveRecord::SchemaMigration Create (0.5ms)[0m  [1m[32mINSERT INTO "schema_migrations" ("version") VALUES ($1) RETURNING "version"[0m  [["version", "20200920224847"]]
  ↳ bin/rails:9
  [1m[35m (1.6ms)[0m  [1m[35mCOMMIT[0m
  ↳ bin/rails:9
  [1m[36mActiveRecord::InternalMetadata Load (0.5ms)[0m  [1m[34mSELECT  "ar_internal_metadata".* FROM "ar_internal_metadata" WHERE "ar_internal_metadata"."key" = $1 LIMIT $2[0m  [["key", "environment"], ["LIMIT", 1]]
  ↳ bin/rails:9
  [1m[35m (0.2ms)[0m  [1m[35mBEGIN[0m
  ↳ bin/rails:9
  [1m[35m (0.1ms)[0m  [1m[35mCOMMIT[0m
  ↳ bin/rails:9
  [1m[35m (0.3ms)[0m  [1m[34mSELECT pg_advisory_unlock(3145907413327254765)[0m
  ↳ bin/rails:9
  [1m[35m (0.2ms)[0m  [1m[34mSELECT "schema_migrations"."version" FROM "schema_migrations" ORDER BY "schema_migrations"."version" ASC[0m
  ↳ bin/rails:9
  [1m[35m (0.9ms)[0m  [1m[34mSELECT "schema_migrations"."version" FROM "schema_migrations" ORDER BY "schema_migrations"."version" ASC[0m
  ↳ /Users/Marquis/.rbenv/versions/2.5.1/bin/annotate:23
Started GET "/api/weapons" for ::1 at 2020-09-20 15:53:53 -0700
  [1m[35m (1.0ms)[0m  [1m[34mSELECT "schema_migrations"."version" FROM "schema_migrations" ORDER BY "schema_migrations"."version" ASC[0m
  ↳ /Users/Marquis/.rbenv/versions/2.5.1/lib/ruby/gems/2.5.0/gems/activerecord-5.2.4.4/lib/active_record/log_subscriber.rb:98
Processing by Api::WeaponsController#index as JSON
  Rendering api/weapons/index.json.jbuilder
  [1m[36mWeapon Load (0.9ms)[0m  [1m[34mSELECT "weapons".* FROM "weapons"[0m
  ↳ app/views/api/weapons/index.json.jbuilder:1
  Rendered api/weapons/index.json.jbuilder (6.3ms)
Completed 200 OK in 28ms (Views: 14.9ms | ActiveRecord: 3.8ms)


  [1m[36mWeapon Load (3.1ms)[0m  [1m[34mSELECT "weapons".* FROM "weapons"[0m
  [1m[35m (0.9ms)[0m  [1m[34mSELECT "schema_migrations"."version" FROM "schema_migrations" ORDER BY "schema_migrations"."version" ASC[0m
  ↳ bin/rails:9
  [1m[36mWeapon Load (0.9ms)[0m  [1m[34mSELECT "weapons".* FROM "weapons"[0m
  ↳ db/seeds.rb:11
  [1m[35m (1.0ms)[0m  [1m[34mSELECT "schema_migrations"."version" FROM "schema_migrations" ORDER BY "schema_migrations"."version" ASC[0m
  ↳ bin/rails:9
  [1m[36mWeapon Load (0.8ms)[0m  [1m[34mSELECT "weapons".* FROM "weapons"[0m
  ↳ db/seeds.rb:11
  [1m[35m (0.2ms)[0m  [1m[35mBEGIN[0m
  ↳ db/seeds.rb:13
  [1m[35m (0.1ms)[0m  [1m[31mROLLBACK[0m
  ↳ db/seeds.rb:13
  [1m[35m (0.9ms)[0m  [1m[34mSELECT "schema_migrations"."version" FROM "schema_migrations" ORDER BY "schema_migrations"."version" ASC[0m
  ↳ bin/rails:9
  [1m[36mWeapon Load (0.8ms)[0m  [1m[34mSELECT "weapons".* FROM "weapons"[0m
  ↳ db/seeds.rb:11
  [1m[35m (0.2ms)[0m  [1m[35mBEGIN[0m
  ↳ db/seeds.rb:13
  [1m[36mWeapon Create (5.0ms)[0m  [1m[32mINSERT INTO "weapons" ("name", "weapon_type", "mag_size", "ads_speed", "reload_speed", "rounds_per_min", "base_range", "base_damage_head", "base_damage_chest", "base_damage_stomach", "base_damage_limbs", "hits_needed_head", "hits_needed_chest", "hits_needed_stomach", "hits_needed_limbs", "damage_per_sec_head", "damage_per_sec_body", "created_at", "updated_at") VALUES ($1, $2, $3, $4, $5, $6, $7, $8, $9, $10, $11, $12, $13, $14, $15, $16, $17, $18, $19) RETURNING "id"[0m  [["name", "AK-47"], ["weapon_type", "Assault Rifle"], ["mag_size", 30], ["ads_speed", 239], ["reload_speed", 2.612], ["rounds_per_min", 560], ["base_range", 28], ["base_damage_head", 56], ["base_damage_chest", 42], ["base_damage_stomach", 35], ["base_damage_limbs", 35], ["hits_needed_head", "2-5"], ["hits_needed_chest", "3-6"], ["hits_needed_stomach", "3-8"], ["hits_needed_limbs", "3-8"], ["damage_per_sec_head", 523], ["damage_per_sec_body", 350], ["created_at", "2020-09-20 22:55:52.695769"], ["updated_at", "2020-09-20 22:55:52.695769"]]
  ↳ db/seeds.rb:13
  [1m[35m (1.6ms)[0m  [1m[35mCOMMIT[0m
  ↳ db/seeds.rb:13
  [1m[35m (0.1ms)[0m  [1m[35mBEGIN[0m
  ↳ db/seeds.rb:19
  [1m[36mWeapon Create (0.5ms)[0m  [1m[32mINSERT INTO "weapons" ("name", "weapon_type", "mag_size", "ads_speed", "reload_speed", "rounds_per_min", "base_range", "base_damage_head", "base_damage_chest", "base_damage_stomach", "base_damage_limbs", "hits_needed_head", "hits_needed_chest", "hits_needed_stomach", "hits_needed_limbs", "damage_per_sec_head", "damage_per_sec_body", "created_at", "updated_at") VALUES ($1, $2, $3, $4, $5, $6, $7, $8, $9, $10, $11, $12, $13, $14, $15, $16, $17, $18, $19) RETURNING "id"[0m  [["name", "AN-94"], ["weapon_type", "Assault Rifle"], ["mag_size", 30], ["ads_speed", 229], ["reload_speed", 2.577], ["rounds_per_min", 550], ["base_range", 21], ["base_damage_head", 46], ["base_damage_chest", 34], ["base_damage_stomach", 31], ["base_damage_limbs", 29], ["hits_needed_head", "3-6"], ["hits_needed_chest", "3-8"], ["hits_needed_stomach", "4-9"], ["hits_needed_limbs", "4-9"], ["damage_per_sec_head", 422], ["damage_per_sec_body", 312], ["created_at", "2020-09-20 22:55:52.704631"], ["updated_at", "2020-09-20 22:55:52.704631"]]
  ↳ db/seeds.rb:19
  [1m[35m (1.4ms)[0m  [1m[35mCOMMIT[0m
  ↳ db/seeds.rb:19
  [1m[35m (0.2ms)[0m  [1m[35mBEGIN[0m
  ↳ db/seeds.rb:25
  [1m[36mWeapon Create (0.7ms)[0m  [1m[32mINSERT INTO "weapons" ("name", "weapon_type", "mag_size", "ads_speed", "reload_speed", "rounds_per_min", "base_range", "base_damage_head", "base_damage_chest", "base_damage_stomach", "base_damage_limbs", "hits_needed_head", "hits_needed_chest", "hits_needed_stomach", "hits_needed_limbs", "damage_per_sec_head", "damage_per_sec_body", "created_at", "updated_at") VALUES ($1, $2, $3, $4, $5, $6, $7, $8, $9, $10, $11, $12, $13, $14, $15, $16, $17, $18, $19) RETURNING "id"[0m  [["name", "Kilo 141"], ["weapon_type", "Assault Rifle"], ["mag_size", 30], ["ads_speed", 220], ["reload_speed", 2.608], ["rounds_per_min", 750], ["base_range", 31], ["base_damage_head", 42], ["base_damage_chest", 28], ["base_damage_stomach", 28], ["base_damage_limbs", 28], ["hits_needed_head", "3-6"], ["hits_needed_chest", "4-9"], ["hits_needed_stomach", "5-12"], ["hits_needed_limbs", "6-14"], ["damage_per_sec_head", 525], ["damage_per_sec_body", 350], ["created_at", "2020-09-20 22:55:52.708865"], ["updated_at", "2020-09-20 22:55:52.708865"]]
  ↳ db/seeds.rb:25
  [1m[35m (1.3ms)[0m  [1m[35mCOMMIT[0m
  ↳ db/seeds.rb:25
  [1m[35m (0.1ms)[0m  [1m[35mBEGIN[0m
  ↳ db/seeds.rb:31
  [1m[36mWeapon Create (0.4ms)[0m  [1m[32mINSERT INTO "weapons" ("name", "weapon_type", "mag_size", "ads_speed", "reload_speed", "rounds_per_min", "base_range", "base_damage_head", "base_damage_chest", "base_damage_stomach", "base_damage_limbs", "hits_needed_head", "hits_needed_chest", "hits_needed_stomach", "hits_needed_limbs", "damage_per_sec_head", "damage_per_sec_body", "created_at", "updated_at") VALUES ($1, $2, $3, $4, $5, $6, $7, $8, $9, $10, $11, $12, $13, $14, $15, $16, $17, $18, $19) RETURNING "id"[0m  [["name", "FAL"], ["weapon_type", "Assault Rifle"], ["mag_size", 20], ["ads_speed", 228], ["reload_speed", 3.57], ["rounds_per_min", 485], ["base_range", 20], ["base_damage_head", 100], ["base_damage_chest", 58], ["base_damage_stomach", 49], ["base_damage_limbs", 49], ["hits_needed_head", "1-3"], ["hits_needed_chest", "2-5"], ["hits_needed_stomach", "3-6"], ["hits_needed_limbs", "3-6"], ["damage_per_sec_head", 808], ["damage_per_sec_body", 469], ["created_at", "2020-09-20 22:55:52.713182"], ["updated_at", "2020-09-20 22:55:52.713182"]]
  ↳ db/seeds.rb:31
  [1m[35m (1.2ms)[0m  [1m[35mCOMMIT[0m
  ↳ db/seeds.rb:31
  [1m[35m (0.1ms)[0m  [1m[35mBEGIN[0m
  ↳ db/seeds.rb:37
  [1m[36mWeapon Create (0.4ms)[0m  [1m[32mINSERT INTO "weapons" ("name", "weapon_type", "mag_size", "ads_speed", "reload_speed", "rounds_per_min", "base_range", "base_damage_head", "base_damage_chest", "base_damage_stomach", "base_damage_limbs", "hits_needed_head", "hits_needed_chest", "hits_needed_stomach", "hits_needed_limbs", "damage_per_sec_head", "damage_per_sec_body", "created_at", "updated_at") VALUES ($1, $2, $3, $4, $5, $6, $7, $8, $9, $10, $11, $12, $13, $14, $15, $16, $17, $18, $19) RETURNING "id"[0m  [["name", "FR Famas 5.56"], ["weapon_type", "Assault Rifle"], ["mag_size", 30], ["ads_speed", 275], ["reload_speed", 2.88], ["rounds_per_min", 1250], ["base_range", 33], ["base_damage_head", 64], ["base_damage_chest", 40], ["base_damage_stomach", 40], ["base_damage_limbs", 40], ["hits_needed_head", "2-4"], ["hits_needed_chest", "3-7"], ["hits_needed_stomach", "3-7"], ["hits_needed_limbs", "3-8"], ["damage_per_sec_head", 576], ["damage_per_sec_body", 360], ["created_at", "2020-09-20 22:55:52.716758"], ["updated_at", "2020-09-20 22:55:52.716758"]]
  ↳ db/seeds.rb:37
  [1m[35m (1.2ms)[0m  [1m[35mCOMMIT[0m
  ↳ db/seeds.rb:37
  [1m[35m (0.1ms)[0m  [1m[35mBEGIN[0m
  ↳ db/seeds.rb:43
  [1m[36mWeapon Create (0.4ms)[0m  [1m[32mINSERT INTO "weapons" ("name", "weapon_type", "mag_size", "ads_speed", "reload_speed", "rounds_per_min", "base_range", "base_damage_head", "base_damage_chest", "base_damage_stomach", "base_damage_limbs", "hits_needed_head", "hits_needed_chest", "hits_needed_stomach", "hits_needed_limbs", "damage_per_sec_head", "damage_per_sec_body", "created_at", "updated_at") VALUES ($1, $2, $3, $4, $5, $6, $7, $8, $9, $10, $11, $12, $13, $14, $15, $16, $17, $18, $19) RETURNING "id"[0m  [["name", "M13"], ["weapon_type", "Assault Rifle"], ["mag_size", 30], ["ads_speed", 212], ["reload_speed", 2.65], ["rounds_per_min", 900], ["base_range", 38], ["base_damage_head", 36], ["base_damage_chest", 24], ["base_damage_stomach", 24], ["base_damage_limbs", 24], ["hits_needed_head", "3-7"], ["hits_needed_chest", "5-7"], ["hits_needed_stomach", "5-11"], ["hits_needed_limbs", "5-11"], ["damage_per_sec_head", 540], ["damage_per_sec_body", 360], ["created_at", "2020-09-20 22:55:52.720399"], ["updated_at", "2020-09-20 22:55:52.720399"]]
  ↳ db/seeds.rb:43
  [1m[35m (1.3ms)[0m  [1m[35mCOMMIT[0m
  ↳ db/seeds.rb:43
  [1m[35m (0.1ms)[0m  [1m[35mBEGIN[0m
  ↳ db/seeds.rb:49
  [1m[36mWeapon Create (0.4ms)[0m  [1m[32mINSERT INTO "weapons" ("name", "weapon_type", "mag_size", "ads_speed", "reload_speed", "rounds_per_min", "base_range", "base_damage_head", "base_damage_chest", "base_damage_stomach", "base_damage_limbs", "hits_needed_head", "hits_needed_chest", "hits_needed_stomach", "hits_needed_limbs", "damage_per_sec_head", "damage_per_sec_body", "created_at", "updated_at") VALUES ($1, $2, $3, $4, $5, $6, $7, $8, $9, $10, $11, $12, $13, $14, $15, $16, $17, $18, $19) RETURNING "id"[0m  [["name", "FN Scar"], ["weapon_type", "Assault Rifle"], ["mag_size", 20], ["ads_speed", 266], ["reload_speed", 2.6], ["rounds_per_min", 570], ["base_range", 33], ["base_damage_head", 56], ["base_damage_chest", 35], ["base_damage_stomach", 35], ["base_damage_limbs", 35], ["hits_needed_head", "2-5"], ["hits_needed_chest", "3-8"], ["hits_needed_stomach", "3-8"], ["hits_needed_limbs", "3-8"], ["damage_per_sec_head", 532], ["damage_per_sec_body", 333], ["created_at", "2020-09-20 22:55:52.723965"], ["updated_at", "2020-09-20 22:55:52.723965"]]
  ↳ db/seeds.rb:49
  [1m[35m (1.2ms)[0m  [1m[35mCOMMIT[0m
  ↳ db/seeds.rb:49
  [1m[35m (0.1ms)[0m  [1m[35mBEGIN[0m
  ↳ db/seeds.rb:55
  [1m[36mWeapon Create (0.4ms)[0m  [1m[32mINSERT INTO "weapons" ("name", "weapon_type", "mag_size", "ads_speed", "reload_speed", "rounds_per_min", "base_range", "base_damage_head", "base_damage_chest", "base_damage_stomach", "base_damage_limbs", "hits_needed_head", "hits_needed_chest", "hits_needed_stomach", "hits_needed_limbs", "damage_per_sec_head", "damage_per_sec_body", "created_at", "updated_at") VALUES ($1, $2, $3, $4, $5, $6, $7, $8, $9, $10, $11, $12, $13, $14, $15, $16, $17, $18, $19) RETURNING "id"[0m  [["name", "Ram-7"], ["weapon_type", "Assault Rifle"], ["mag_size", 30], ["ads_speed", 200], ["reload_speed", 2.915], ["rounds_per_min", 860], ["base_range", 28], ["base_damage_head", 42], ["base_damage_chest", 28], ["base_damage_stomach", 28], ["base_damage_limbs", 28], ["hits_needed_head", "3-6"], ["hits_needed_chest", "4-9"], ["hits_needed_stomach", "4-9"], ["hits_needed_limbs", "4-9"], ["damage_per_sec_head", 602], ["damage_per_sec_body", 401], ["created_at", "2020-09-20 22:55:52.727426"], ["updated_at", "2020-09-20 22:55:52.727426"]]
  ↳ db/seeds.rb:55
  [1m[35m (1.2ms)[0m  [1m[35mCOMMIT[0m
  ↳ db/seeds.rb:55
  [1m[35m (0.1ms)[0m  [1m[35mBEGIN[0m
  ↳ db/seeds.rb:61
  [1m[36mWeapon Create (0.4ms)[0m  [1m[32mINSERT INTO "weapons" ("name", "weapon_type", "mag_size", "ads_speed", "reload_speed", "rounds_per_min", "base_range", "base_damage_head", "base_damage_chest", "base_damage_stomach", "base_damage_limbs", "hits_needed_head", "hits_needed_chest", "hits_needed_stomach", "hits_needed_limbs", "damage_per_sec_head", "damage_per_sec_body", "created_at", "updated_at") VALUES ($1, $2, $3, $4, $5, $6, $7, $8, $9, $10, $11, $12, $13, $14, $15, $16, $17, $18, $19) RETURNING "id"[0m  [["name", "Grau 5.56"], ["weapon_type", "Assault Rifle"], ["mag_size", 30], ["ads_speed", 190], ["reload_speed", 2.71], ["rounds_per_min", 730], ["base_range", 31], ["base_damage_head", 42], ["base_damage_chest", 28], ["base_damage_stomach", 28], ["base_damage_limbs", 28], ["hits_needed_head", "3-6"], ["hits_needed_chest", "4-9"], ["hits_needed_stomach", "4-9"], ["hits_needed_limbs", "4-9"], ["damage_per_sec_head", 511], ["damage_per_sec_body", 341], ["created_at", "2020-09-20 22:55:52.730891"], ["updated_at", "2020-09-20 22:55:52.730891"]]
  ↳ db/seeds.rb:61
  [1m[35m (1.4ms)[0m  [1m[35mCOMMIT[0m
  ↳ db/seeds.rb:61
  [1m[35m (0.1ms)[0m  [1m[35mBEGIN[0m
  ↳ db/seeds.rb:67
  [1m[36mWeapon Create (0.4ms)[0m  [1m[32mINSERT INTO "weapons" ("name", "weapon_type", "mag_size", "ads_speed", "reload_speed", "rounds_per_min", "base_range", "base_damage_head", "base_damage_chest", "base_damage_stomach", "base_damage_limbs", "hits_needed_head", "hits_needed_chest", "hits_needed_stomach", "hits_needed_limbs", "damage_per_sec_head", "damage_per_sec_body", "created_at", "updated_at") VALUES ($1, $2, $3, $4, $5, $6, $7, $8, $9, $10, $11, $12, $13, $14, $15, $16, $17, $18, $19) RETURNING "id"[0m  [["name", "CR-56 AMAX"], ["weapon_type", "Assault Rifle"], ["mag_size", 30], ["ads_speed", 259], ["reload_speed", 2.816], ["rounds_per_min", 620], ["base_range", 24], ["base_damage_head", 56], ["base_damage_chest", 42], ["base_damage_stomach", 35], ["base_damage_limbs", 35], ["hits_needed_head", "2-5"], ["hits_needed_chest", "3-6"], ["hits_needed_stomach", "3-8"], ["hits_needed_limbs", "3-8"], ["damage_per_sec_head", 579], ["damage_per_sec_body", 434], ["created_at", "2020-09-20 22:55:52.734540"], ["updated_at", "2020-09-20 22:55:52.734540"]]
  ↳ db/seeds.rb:67
  [1m[35m (1.2ms)[0m  [1m[35mCOMMIT[0m
  ↳ db/seeds.rb:67
  [1m[36mWeapon Load (2.7ms)[0m  [1m[34mSELECT  "weapons".* FROM "weapons" ORDER BY "weapons"."id" ASC LIMIT $1[0m  [["LIMIT", 1]]
Started GET "/api/weapons" for ::1 at 2020-09-20 15:56:50 -0700
  [1m[35m (1.0ms)[0m  [1m[34mSELECT "schema_migrations"."version" FROM "schema_migrations" ORDER BY "schema_migrations"."version" ASC[0m
  ↳ /Users/Marquis/.rbenv/versions/2.5.1/lib/ruby/gems/2.5.0/gems/activerecord-5.2.4.4/lib/active_record/log_subscriber.rb:98
Processing by Api::WeaponsController#index as JSON
  Rendering api/weapons/index.json.jbuilder
  [1m[36mWeapon Load (1.0ms)[0m  [1m[34mSELECT "weapons".* FROM "weapons"[0m
  ↳ app/views/api/weapons/index.json.jbuilder:1
  Rendered api/weapons/_weapon.json.jbuilder (13.1ms)
  Rendered api/weapons/index.json.jbuilder (48.0ms)
Completed 500 Internal Server Error in 66ms (ActiveRecord: 9.8ms)



NoMethodError - undefined method `type' for #<Weapon:0x00007f92b96da418>:
  app/views/api/weapons/_weapon.json.jbuilder:1:in `_app_views_api_weapons__weapon_json_jbuilder__1553606436842742322_70134054964520'
  app/views/api/weapons/index.json.jbuilder:3:in `block (2 levels) in _app_views_api_weapons_index_json_jbuilder__1737097620276027534_70134076853000'
  app/views/api/weapons/index.json.jbuilder:2:in `block in _app_views_api_weapons_index_json_jbuilder__1737097620276027534_70134076853000'
  app/views/api/weapons/index.json.jbuilder:1:in `_app_views_api_weapons_index_json_jbuilder__1737097620276027534_70134076853000'
  app/controllers/api/weapons_controller.rb:4:in `index'

Started POST "/__better_errors/344f96abaa702d77/variables" for ::1 at 2020-09-20 15:56:51 -0700
Started GET "/api/weapons" for ::1 at 2020-09-20 15:57:19 -0700
Processing by Api::WeaponsController#index as JSON
  Rendering api/weapons/index.json.jbuilder
  [1m[36mWeapon Load (2.0ms)[0m  [1m[34mSELECT "weapons".* FROM "weapons"[0m
  ↳ app/views/api/weapons/index.json.jbuilder:1
  Rendered api/weapons/_weapon.json.jbuilder (0.9ms)
  Rendered api/weapons/_weapon.json.jbuilder (0.2ms)
  Rendered api/weapons/_weapon.json.jbuilder (0.2ms)
  Rendered api/weapons/_weapon.json.jbuilder (0.2ms)
  Rendered api/weapons/_weapon.json.jbuilder (0.2ms)
  Rendered api/weapons/_weapon.json.jbuilder (0.2ms)
  Rendered api/weapons/_weapon.json.jbuilder (0.2ms)
  Rendered api/weapons/_weapon.json.jbuilder (0.1ms)
  Rendered api/weapons/_weapon.json.jbuilder (0.2ms)
  Rendered api/weapons/_weapon.json.jbuilder (0.2ms)
  Rendered api/weapons/index.json.jbuilder (29.0ms)
Completed 200 OK in 48ms (Views: 44.9ms | ActiveRecord: 2.0ms)


